<?xml version="1.0" encoding="UTF-8"?>
<!-- Generated by org.testng.reporters.JUnitXMLReporter -->
<testsuite ignored="11" hostname="LAPTOP-4E50I06M" failures="1" tests="4" name="chromeTest" time="36.347" errors="0" timestamp="2025-08-11T17:27:55 EEST">
  <testcase classname="testCases.login_Tests.TC001_LoginTest" name="Verify_Login" time="1.419">
    <failure type="org.openqa.selenium.StaleElementReferenceException" message="The element with the reference eca0b450-48cd-4b0b-9c6d-4603e26e0fa3 is stale; either its node document is not the active document, or it is no longer connected to the DOM
For documentation on this error, please visit: https://www.selenium.dev/documentation/webdriver/troubleshooting/errors#stale-element-reference-exception
Build info: version: &amp;apos;4.34.0&amp;apos;, revision: &amp;apos;707dcb4246*&amp;apos;
System info: os.name: &amp;apos;Windows 11&amp;apos;, os.arch: &amp;apos;amd64&amp;apos;, os.version: &amp;apos;10.0&amp;apos;, java.version: &amp;apos;17.0.14&amp;apos;
Driver info: org.openqa.selenium.firefox.FirefoxDriver
Command: [2300966e-f018-43cb-96a5-798e1a5b75c3, clickElement {id=eca0b450-48cd-4b0b-9c6d-4603e26e0fa3}]
Capabilities {acceptInsecureCerts: true, browserName: firefox, browserVersion: 141.0.3, moz:accessibilityChecks: false, moz:buildID: 20250806102122, moz:geckodriverVersion: 0.36.0, moz:headless: false, moz:platformVersion: 10.0, moz:processID: 20400, moz:profile: C:\Users\Mohamed\AppData\Lo..., moz:shutdownTimeout: 60000, moz:webdriverClick: true, moz:windowless: false, pageLoadStrategy: normal, platformName: windows, proxy: Proxy(), setWindowRect: true, strictFileInteractability: false, timeouts: {implicit: 0, pageLoad: 300000, script: 30000}, unhandledPromptBehavior: dismiss and notify, userAgent: Mozilla/5.0 (Windows NT 10....}
Element: [[FirefoxDriver: firefox on windows (2300966e-f018-43cb-96a5-798e1a5b75c3)] -&amp;gt; css selector: button[type=&amp;apos;submit&amp;apos;]]
Session ID: 2300966e-f018-43cb-96a5-798e1a5b75c3">
      <![CDATA[org.openqa.selenium.StaleElementReferenceException: The element with the reference eca0b450-48cd-4b0b-9c6d-4603e26e0fa3 is stale; either its node document is not the active document, or it is no longer connected to the DOM
For documentation on this error, please visit: https://www.selenium.dev/documentation/webdriver/troubleshooting/errors#stale-element-reference-exception
Build info: version: '4.34.0', revision: '707dcb4246*'
System info: os.name: 'Windows 11', os.arch: 'amd64', os.version: '10.0', java.version: '17.0.14'
Driver info: org.openqa.selenium.firefox.FirefoxDriver
Command: [2300966e-f018-43cb-96a5-798e1a5b75c3, clickElement {id=eca0b450-48cd-4b0b-9c6d-4603e26e0fa3}]
Capabilities {acceptInsecureCerts: true, browserName: firefox, browserVersion: 141.0.3, moz:accessibilityChecks: false, moz:buildID: 20250806102122, moz:geckodriverVersion: 0.36.0, moz:headless: false, moz:platformVersion: 10.0, moz:processID: 20400, moz:profile: C:\Users\Mohamed\AppData\Lo..., moz:shutdownTimeout: 60000, moz:webdriverClick: true, moz:windowless: false, pageLoadStrategy: normal, platformName: windows, proxy: Proxy(), setWindowRect: true, strictFileInteractability: false, timeouts: {implicit: 0, pageLoad: 300000, script: 30000}, unhandledPromptBehavior: dismiss and notify, userAgent: Mozilla/5.0 (Windows NT 10....}
Element: [[FirefoxDriver: firefox on windows (2300966e-f018-43cb-96a5-798e1a5b75c3)] -> css selector: button[type='submit']]
Session ID: 2300966e-f018-43cb-96a5-798e1a5b75c3
at org.openqa.selenium.remote.ErrorCodec.decode(ErrorCodec.java:167)
at org.openqa.selenium.remote.codec.w3c.W3CHttpResponseCodec.decode(W3CHttpResponseCodec.java:138)
at org.openqa.selenium.remote.codec.w3c.W3CHttpResponseCodec.decode(W3CHttpResponseCodec.java:50)
at org.openqa.selenium.remote.HttpCommandExecutor.execute(HttpCommandExecutor.java:215)
at org.openqa.selenium.remote.service.DriverCommandExecutor.invokeExecute(DriverCommandExecutor.java:216)
at org.openqa.selenium.remote.service.DriverCommandExecutor.execute(DriverCommandExecutor.java:174)
at org.openqa.selenium.remote.RemoteWebDriver.execute(RemoteWebDriver.java:544)
at org.openqa.selenium.remote.RemoteWebElement.execute(RemoteWebElement.java:223)
at org.openqa.selenium.remote.RemoteWebElement.click(RemoteWebElement.java:76)
at org.openqa.selenium.support.pagefactory.internal.LocatingElementHandler.invoke(LocatingElementHandler.java:51)
at jdk.proxy2/jdk.proxy2.$Proxy30.click(Unknown Source)
at pageObjects.LoginPage.clickLogin(LoginPage.java:56)
at testCases.login_Tests.TC001_LoginTest.Verify_Login(TC001_LoginTest.java:18)
at java.base/java.util.ArrayList.forEach(ArrayList.java:1511)
at java.base/java.util.concurrent.FutureTask.run(FutureTask.java:264)
at java.base/java.util.concurrent.ThreadPoolExecutor.runWorker(ThreadPoolExecutor.java:1136)
at java.base/java.util.concurrent.ThreadPoolExecutor$Worker.run(ThreadPoolExecutor.java:635)
at java.base/java.lang.Thread.run(Thread.java:840)
... Removed 26 stack frames]]>
    </failure>
  </testcase> <!-- Verify_Login -->
  <testcase classname="testCases.EmployeeEndtoEnd_Tests.TC003_AddEmployeeTest" name="Verify_AddEmployee" time="8.329"/>
  <testcase classname="testCases.CandidateEndtoEnd_Tests.TC009_CandidateAddingToHiring_Test" name="Validate_AddingVacancy" time="9.74"/>
  <testcase classname="testCases.CandidateEndtoEnd_Tests.TC009_CandidateAddingToHiring_Test" name="Validate_AddingCandidate" time="3.35"/>
  <testcase classname="testCases.EmployeeEndtoEnd_Tests.TC007_LoginAsTerminatedEmployeeTest" name="Verify_LoginWithNewEmployee" time="0.0">
    <ignored/>
  </testcase> <!-- Verify_LoginWithNewEmployee -->
  <testcase classname="testCases.CandidateEndtoEnd_Tests.TC009_CandidateAddingToHiring_Test" name="Validate_AddCandidateToShortList" time="0.0">
    <ignored/>
  </testcase> <!-- Validate_AddCandidateToShortList -->
  <testcase classname="testCases.EmployeeEndtoEnd_Tests.TC005_LoginNewEmployeeTest" name="Verify_LoginWithNewEmployee" time="0.0">
    <ignored/>
  </testcase> <!-- Verify_LoginWithNewEmployee -->
  <testcase classname="testCases.EmployeeEndtoEnd_Tests.TC008_RemoveEmployeeTest" name="Verify_AddEmployee" time="0.0">
    <ignored/>
  </testcase> <!-- Verify_AddEmployee -->
  <testcase classname="testCases.EmployeeEndtoEnd_Tests.TC004_SearchforEmployeeTest" name="Verify_AddEmployee" time="0.0">
    <ignored/>
  </testcase> <!-- Verify_AddEmployee -->
  <testcase classname="testCases.CandidateEndtoEnd_Tests.TC009_CandidateAddingToHiring_Test" name="Validate_OfferJob" time="0.0">
    <ignored/>
  </testcase> <!-- Validate_OfferJob -->
  <testcase classname="testCases.CandidateEndtoEnd_Tests.TC009_CandidateAddingToHiring_Test" name="Validate_SchedulingInterview" time="0.0">
    <ignored/>
  </testcase> <!-- Validate_SchedulingInterview -->
  <testcase classname="testCases.CandidateEndtoEnd_Tests.TC009_CandidateAddingToHiring_Test" name="Validate_HiringCandidate" time="0.0">
    <ignored/>
  </testcase> <!-- Validate_HiringCandidate -->
  <testcase classname="testCases.login_Tests.TC002_Login_DataDrivenTesting" name="Verify_Login_with_dataDrivenTesting" time="0.0">
    <ignored/>
  </testcase> <!-- Verify_Login_with_dataDrivenTesting -->
  <testcase classname="testCases.EmployeeEndtoEnd_Tests.TC006_TerminateEmployeeContractTest" name="Verify_TerminateEmployeeContract" time="0.0">
    <ignored/>
  </testcase> <!-- Verify_TerminateEmployeeContract -->
  <testcase classname="testCases.CandidateEndtoEnd_Tests.TC009_CandidateAddingToHiring_Test" name="Validate_PassingInterview" time="0.0">
    <ignored/>
  </testcase> <!-- Validate_PassingInterview -->
</testsuite> <!-- chromeTest -->
